TN:
SF:lib/models/instruction.dart
FNF:0
FNH:0
DA:9,1
DA:15,1
DA:16,1
DA:17,1
DA:18,1
DA:19,1
DA:20,1
DA:21,1
DA:25,1
DA:26,1
DA:27,1
DA:28,1
DA:29,1
DA:30,1
LF:14
LH:14
end_of_record
TN:
SF:lib/models/recipe.dart
FNF:0
FNH:0
DA:5,1
DA:8,1
DA:10,1
DA:11,1
DA:12,1
DA:13,2
DA:23,1
DA:29,1
DA:30,1
DA:31,1
DA:32,1
DA:33,1
DA:34,1
DA:38,1
DA:39,1
DA:40,1
DA:41,1
DA:42,1
DA:43,1
LF:19
LH:19
end_of_record
TN:
SF:lib/pages/dashboard.dart
FNF:0
FNH:0
DA:7,1
DA:9,1
DA:11,1
DA:12,1
DA:13,1
DA:15,1
DA:17,1
DA:18,1
DA:19,2
DA:20,3
DA:24,1
DA:25,1
DA:31,1
DA:32,1
DA:34,2
DA:35,0
DA:37,1
DA:39,2
DA:40,0
DA:44,1
DA:46,2
DA:47,0
DA:49,1
DA:51,2
DA:52,0
DA:57,1
DA:59,2
DA:60,0
DA:76,1
DA:82,1
DA:84,1
DA:85,1
DA:86,1
DA:88,1
DA:90,1
DA:91,2
DA:93,1
DA:94,1
DA:95,3
LF:39
LH:34
end_of_record
TN:
SF:lib/pages/home.dart
FNF:0
FNH:0
DA:10,1
DA:12,1
DA:13,1
DA:18,4
DA:25,1
DA:27,1
DA:28,1
DA:29,1
DA:30,1
DA:31,1
DA:32,0
DA:37,1
DA:38,1
DA:39,1
DA:40,1
DA:41,1
DA:52,4
LF:17
LH:16
end_of_record
TN:
SF:lib/pages/recipes/ingredient.dart
FNF:0
FNH:0
DA:6,1
DA:8,1
DA:10,3
DA:11,1
DA:12,1
DA:13,2
DA:16,1
DA:17,1
DA:18,1
DA:19,2
DA:22,1
DA:23,0
DA:29,1
DA:30,3
DA:32,1
LF:15
LH:14
end_of_record
TN:
SF:lib/pages/recipes/recipe.dart
FNF:0
FNH:0
DA:11,2
DA:13,1
DA:14,1
DA:18,1
DA:21,3
DA:22,1
DA:23,1
DA:24,1
DA:25,2
DA:26,1
DA:27,2
DA:30,1
DA:31,1
DA:32,1
DA:33,3
DA:34,1
DA:35,1
DA:36,1
DA:37,1
DA:39,0
DA:40,0
DA:41,1
DA:45,2
DA:46,1
DA:50,0
DA:51,0
DA:52,0
DA:58,1
DA:59,1
DA:60,1
DA:61,1
DA:63,3
DA:64,1
DA:65,1
DA:66,4
DA:67,1
DA:68,1
DA:69,2
DA:72,1
DA:74,1
DA:76,1
DA:77,1
DA:78,1
DA:79,3
DA:81,0
DA:82,0
DA:83,0
DA:84,0
DA:85,0
DA:88,1
DA:107,1
LF:51
LH:41
end_of_record
TN:
SF:lib/pages/recipes/recipes.dart
FNF:0
FNH:0
DA:12,1
DA:14,1
DA:16,1
DA:17,1
DA:18,1
DA:19,3
DA:20,1
DA:21,1
DA:22,1
DA:23,2
DA:26,1
DA:27,0
DA:29,3
DA:30,0
DA:32,1
DA:33,1
DA:34,1
DA:35,1
DA:36,2
DA:37,1
DA:38,3
DA:39,3
DA:41,2
DA:42,0
DA:44,2
DA:45,1
DA:46,2
DA:51,1
DA:52,0
DA:53,0
DA:57,0
DA:58,0
DA:61,0
LF:33
LH:25
end_of_record
TN:
SF:lib/pages/search.dart
FNF:0
FNH:0
DA:6,1
DA:8,1
DA:10,4
LF:3
LH:3
end_of_record
TN:
SF:lib/pages/settings.dart
FNF:0
FNH:0
DA:9,1
DA:11,1
DA:12,1
DA:16,1
DA:18,1
DA:19,1
DA:20,1
DA:21,1
DA:22,1
DA:24,1
DA:25,3
DA:26,1
DA:27,0
DA:28,1
DA:29,1
DA:31,1
DA:32,0
DA:33,1
DA:34,1
DA:39,1
DA:40,0
DA:41,0
DA:43,0
DA:45,0
DA:48,0
LF:25
LH:18
end_of_record
TN:
SF:lib/providers/auth.dart
FNF:0
FNH:0
DA:8,1
DA:10,1
DA:12,0
DA:15,4
DA:16,1
DA:17,1
DA:22,2
DA:25,0
DA:28,0
DA:30,0
LF:10
LH:6
end_of_record
TN:
SF:lib/providers/firestore_service.dart
FNF:0
FNH:0
DA:11,1
DA:13,0
DA:14,0
DA:16,1
DA:18,1
DA:21,1
DA:23,1
DA:25,1
DA:26,1
DA:27,1
DA:28,1
DA:29,3
DA:32,1
DA:33,5
DA:34,5
DA:36,1
DA:39,1
DA:41,4
DA:42,2
DA:43,2
DA:44,1
DA:45,1
DA:46,2
DA:47,1
DA:48,1
DA:49,1
DA:50,1
DA:51,5
DA:58,1
DA:60,1
DA:62,4
DA:63,1
DA:64,2
DA:66,4
DA:69,1
DA:71,1
DA:73,1
DA:74,1
DA:75,1
DA:76,1
DA:77,2
DA:78,4
DA:79,1
DA:80,3
DA:82,3
DA:87,1
DA:90,1
DA:92,1
DA:93,1
DA:94,1
DA:95,1
DA:96,1
DA:97,2
DA:98,4
DA:99,1
DA:100,1
DA:101,1
DA:102,1
DA:103,3
DA:104,1
DA:109,1
DA:111,4
DA:112,1
DA:113,2
DA:115,5
DA:116,2
DA:117,2
DA:118,1
DA:119,2
DA:124,2
DA:125,1
DA:126,1
DA:127,2
DA:128,1
DA:129,2
DA:130,5
DA:132,1
DA:135,1
DA:137,1
DA:139,1
DA:141,1
DA:142,1
DA:143,1
DA:144,1
DA:145,1
DA:146,1
DA:147,2
DA:148,1
DA:149,1
DA:150,1
DA:151,1
DA:152,2
DA:154,4
DA:157,5
DA:158,4
LF:95
LH:93
end_of_record
TN:
SF:lib/sheets/add_ingredient_sheet.dart
FNF:0
FNH:0
DA:7,3
DA:11,1
DA:13,3
DA:15,3
DA:17,3
DA:19,3
DA:20,1
DA:21,1
DA:23,1
DA:25,1
DA:26,3
DA:28,1
DA:30,2
DA:33,1
DA:36,2
DA:39,1
DA:41,2
DA:44,1
DA:46,2
DA:49,1
DA:50,2
DA:52,1
DA:53,1
DA:54,1
DA:55,1
DA:56,1
DA:58,3
LF:27
LH:27
end_of_record
TN:
SF:lib/sheets/add_instruction_sheet.dart
FNF:0
FNH:0
DA:9,1
DA:15,1
DA:16,1
DA:21,1
DA:23,1
DA:24,2
DA:25,2
DA:27,4
DA:28,3
DA:30,2
DA:33,1
DA:36,4
DA:38,4
DA:39,1
DA:40,1
DA:41,4
DA:43,1
DA:45,1
DA:46,1
DA:47,1
DA:48,4
DA:49,1
DA:50,1
DA:51,3
DA:53,1
DA:55,2
DA:58,1
DA:62,2
DA:65,1
DA:66,1
DA:69,1
DA:70,2
DA:71,1
DA:72,1
DA:74,1
DA:76,1
DA:78,1
DA:79,1
DA:80,1
DA:81,1
DA:82,0
DA:83,0
DA:85,0
DA:89,0
DA:90,0
DA:91,0
DA:95,2
DA:98,4
DA:104,1
DA:105,1
DA:106,0
DA:107,0
DA:109,3
DA:112,1
DA:113,0
DA:114,0
DA:115,0
DA:116,0
DA:117,0
DA:118,0
DA:120,0
DA:121,0
DA:122,0
DA:123,0
DA:125,0
DA:126,0
DA:127,0
DA:131,2
LF:68
LH:47
end_of_record
TN:
SF:lib/widgets/ingredient_tile.dart
FNF:0
FNH:0
DA:10,1
DA:15,1
DA:16,1
DA:21,1
DA:23,2
DA:24,1
DA:25,1
DA:27,3
DA:29,3
DA:32,0
DA:33,0
DA:34,1
DA:36,1
DA:37,1
DA:38,1
DA:39,1
DA:40,1
DA:41,1
DA:42,4
DA:46,1
DA:47,4
DA:50,1
DA:51,0
DA:52,0
DA:54,4
DA:55,0
DA:56,0
DA:62,1
DA:63,1
DA:65,1
DA:66,0
DA:67,0
DA:69,0
DA:70,0
DA:72,0
LF:35
LH:24
end_of_record
