SF:lib/models/instruction.dart
DA:9,1
DA:15,1
DA:16,1
DA:17,1
DA:18,1
DA:19,1
DA:20,1
DA:21,1
DA:25,1
DA:26,1
DA:27,1
DA:28,1
DA:29,1
DA:30,1
LF:14
LH:14
end_of_record
SF:lib/models/recipe.dart
DA:5,1
DA:9,1
DA:11,1
DA:12,1
DA:13,1
DA:14,1
DA:15,1
DA:16,1
DA:26,1
DA:32,1
DA:33,1
DA:34,1
DA:35,1
DA:36,1
DA:37,1
DA:41,1
DA:42,1
DA:43,1
DA:44,1
DA:45,1
DA:46,1
LF:21
LH:21
end_of_record
SF:lib/providers/firestore_service.dart
DA:11,1
DA:13,0
DA:14,0
DA:16,1
DA:18,1
DA:21,1
DA:23,1
DA:25,1
DA:26,1
DA:27,1
DA:28,1
DA:29,3
DA:32,1
DA:33,5
DA:34,5
DA:36,1
DA:39,1
DA:41,4
DA:42,2
DA:43,2
DA:44,1
DA:45,1
DA:46,2
DA:47,1
DA:48,1
DA:49,1
DA:50,1
DA:51,5
DA:58,1
DA:60,1
DA:62,4
DA:63,1
DA:64,2
DA:66,4
DA:69,1
DA:71,1
DA:73,1
DA:74,1
DA:75,1
DA:76,1
DA:77,2
DA:78,4
DA:79,1
DA:80,3
DA:82,3
DA:87,1
DA:90,1
DA:92,1
DA:93,1
DA:94,1
DA:95,1
DA:96,1
DA:97,2
DA:98,4
DA:99,1
DA:100,1
DA:101,1
DA:102,1
DA:103,3
DA:104,1
DA:109,1
DA:111,4
DA:112,1
DA:113,2
DA:115,5
DA:116,2
DA:117,2
DA:118,1
DA:119,2
DA:124,2
DA:125,1
DA:126,1
DA:127,2
DA:128,1
DA:129,2
DA:130,5
DA:132,1
DA:135,1
DA:137,1
DA:139,1
DA:141,1
DA:142,1
DA:143,1
DA:144,1
DA:145,1
DA:146,1
DA:147,2
DA:148,1
DA:149,1
DA:150,1
DA:151,1
DA:152,2
DA:154,4
DA:157,5
DA:158,4
DA:163,0
DA:165,0
DA:167,0
DA:168,0
DA:169,0
DA:172,0
DA:173,0
DA:174,0
LF:103
LH:93
end_of_record
SF:lib/generated/l10n.dart
DA:16,1
DA:20,0
DA:22,0
DA:30,1
DA:32,2
DA:33,0
DA:34,1
DA:35,1
DA:36,3
DA:37,1
DA:38,1
DA:45,1
DA:46,1
DA:48,1
DA:54,1
DA:55,1
DA:59,0
DA:60,0
DA:64,0
DA:69,0
DA:70,0
DA:74,0
DA:79,0
DA:80,0
DA:84,0
DA:85,0
DA:89,0
DA:90,0
DA:94,0
DA:95,0
DA:99,0
DA:100,0
DA:104,0
DA:109,0
DA:110,0
DA:114,0
DA:119,0
DA:120,0
DA:124,0
DA:129,0
DA:130,0
DA:134,0
DA:135,0
DA:139,0
DA:144,0
DA:145,0
DA:149,0
DA:154,0
DA:155,0
DA:159,0
DA:164,0
DA:165,0
DA:169,0
DA:174,0
DA:175,0
DA:179,0
DA:184,1
DA:185,1
DA:189,1
DA:194,1
DA:195,2
DA:199,1
DA:200,1
DA:204,1
DA:209,1
DA:210,1
DA:214,1
DA:219,1
DA:220,1
DA:224,1
DA:229,1
DA:230,1
DA:234,1
DA:239,1
DA:240,1
DA:244,1
DA:249,1
DA:250,1
DA:254,1
DA:259,1
DA:260,1
DA:264,1
DA:269,1
DA:270,1
DA:274,1
DA:279,1
DA:280,1
DA:284,1
DA:289,1
DA:290,2
DA:294,0
DA:295,0
DA:299,0
DA:304,0
DA:305,0
DA:309,0
DA:314,0
DA:315,0
DA:319,0
DA:324,0
DA:325,0
DA:329,0
DA:334,0
DA:335,0
DA:339,0
DA:344,0
DA:345,0
DA:349,0
DA:354,0
DA:355,0
DA:359,0
DA:364,0
DA:365,0
DA:369,0
DA:374,0
DA:375,0
DA:379,0
DA:384,0
DA:385,0
DA:389,0
DA:394,0
DA:395,0
DA:399,0
DA:404,0
DA:405,0
DA:409,0
DA:414,0
DA:415,0
DA:419,0
DA:420,0
DA:424,0
DA:429,0
DA:430,0
DA:434,0
DA:439,0
DA:440,0
DA:444,0
DA:449,0
DA:450,0
DA:454,0
DA:459,0
DA:460,0
DA:464,0
DA:469,0
DA:470,0
DA:474,0
DA:479,0
DA:480,0
DA:484,0
DA:489,0
DA:490,0
DA:494,0
DA:499,0
DA:500,0
DA:504,0
DA:509,0
DA:510,0
DA:514,0
DA:519,0
DA:520,0
DA:524,0
DA:529,0
DA:530,0
DA:534,0
DA:539,0
DA:540,0
DA:544,0
DA:545,0
DA:549,0
DA:554,0
DA:555,0
DA:559,0
DA:564,0
DA:565,0
DA:569,0
DA:574,0
DA:575,0
DA:579,0
DA:584,0
DA:585,0
DA:589,0
DA:594,0
DA:595,0
DA:599,0
DA:604,0
DA:605,0
DA:609,0
DA:614,0
DA:615,0
DA:619,0
DA:624,0
DA:625,0
DA:629,0
DA:634,0
DA:635,0
DA:639,0
DA:644,0
DA:645,0
DA:649,0
DA:654,0
DA:655,0
DA:659,0
DA:664,0
DA:665,0
DA:669,0
DA:674,0
DA:675,0
DA:679,0
DA:680,0
DA:684,0
DA:689,0
DA:690,0
DA:694,0
DA:695,0
DA:699,0
DA:704,0
DA:705,0
DA:709,0
DA:714,0
DA:715,0
DA:719,0
DA:724,0
DA:725,0
DA:729,0
DA:734,0
DA:735,0
DA:739,0
DA:740,0
DA:744,0
DA:749,0
DA:750,0
DA:755,1
DA:757,1
DA:764,1
DA:765,1
DA:766,1
DA:767,1
DA:768,1
DA:771,1
DA:772,2
DA:773,3
LF:241
LH:57
end_of_record
SF:lib/pages/dashboard.dart
DA:7,1
DA:9,0
DA:10,0
DA:12,0
DA:14,0
DA:15,0
DA:16,0
DA:17,0
DA:21,0
DA:22,0
DA:28,0
DA:29,0
DA:31,0
DA:32,0
DA:34,0
DA:36,0
DA:37,0
DA:39,0
DA:41,0
DA:42,0
DA:44,0
DA:46,0
DA:47,0
DA:49,0
DA:50,0
DA:52,0
DA:53,0
DA:68,0
DA:74,0
DA:76,0
DA:77,0
DA:78,0
DA:80,0
DA:82,0
DA:83,0
DA:85,0
DA:86,0
DA:87,0
LF:38
LH:1
end_of_record
SF:lib/pages/search.dart
DA:6,1
DA:8,0
DA:10,0
LF:3
LH:1
end_of_record
SF:lib/pages/settings.dart
DA:8,1
DA:10,0
DA:11,0
DA:15,0
DA:17,0
DA:18,0
DA:19,0
DA:20,0
DA:21,0
DA:23,0
DA:24,0
DA:25,0
DA:26,0
DA:27,0
DA:28,0
DA:30,0
DA:31,0
DA:32,0
DA:33,0
DA:38,0
DA:39,0
DA:40,0
DA:42,0
DA:44,0
DA:45,0
DA:46,0
DA:47,0
DA:51,0
LF:28
LH:1
end_of_record
SF:lib/pages/home.dart
DA:10,1
DA:12,0
DA:13,0
DA:18,0
DA:25,0
DA:26,0
DA:27,0
DA:29,0
DA:30,0
DA:31,0
DA:36,0
DA:37,0
DA:38,0
DA:39,0
DA:40,0
DA:51,0
LF:16
LH:1
end_of_record
SF:lib/providers/auth.dart
DA:13,1
DA:14,0
DA:15,0
DA:18,0
DA:19,0
DA:20,0
DA:23,0
DA:24,0
DA:25,0
DA:26,0
DA:30,0
DA:31,0
DA:34,0
DA:35,0
DA:39,0
DA:41,0
DA:42,0
DA:44,0
DA:46,0
DA:47,0
DA:50,0
DA:51,0
DA:52,0
DA:53,0
DA:58,0
DA:59,0
DA:61,0
DA:62,0
DA:66,0
DA:67,0
DA:68,0
DA:70,0
DA:71,0
DA:72,0
LF:34
LH:1
end_of_record
SF:lib/pages/recipes/ingredient.dart
DA:6,1
DA:8,1
DA:10,3
DA:11,1
DA:12,1
DA:13,2
DA:16,1
DA:17,1
DA:18,1
DA:19,2
DA:22,1
DA:23,0
DA:29,1
DA:30,3
DA:32,1
LF:15
LH:14
end_of_record
SF:lib/widgets/ingredient_tile.dart
DA:10,0
DA:15,0
DA:16,0
DA:21,0
DA:22,0
DA:23,0
DA:24,0
DA:25,0
DA:27,0
DA:30,0
DA:31,0
DA:32,0
DA:34,0
DA:35,0
DA:36,0
DA:37,0
DA:38,0
DA:39,0
DA:40,0
DA:44,0
DA:45,0
DA:48,0
DA:49,0
DA:50,0
DA:52,0
DA:53,0
DA:54,0
DA:60,0
DA:61,0
DA:63,0
DA:64,0
DA:65,0
DA:67,0
DA:68,0
DA:70,0
LF:35
LH:0
end_of_record
SF:lib/pages/recipes/recipe.dart
DA:11,2
DA:13,0
DA:14,0
DA:18,0
DA:21,0
DA:22,0
DA:23,0
DA:24,0
DA:25,0
DA:26,0
DA:29,0
DA:30,0
DA:31,0
DA:32,0
DA:33,0
DA:34,0
DA:35,0
DA:36,0
DA:38,0
DA:39,0
DA:40,0
DA:44,0
DA:45,0
DA:49,0
DA:50,0
DA:51,0
DA:57,0
DA:58,0
DA:59,0
DA:60,0
DA:61,0
DA:63,0
DA:65,0
DA:66,0
DA:67,0
DA:68,0
DA:69,0
DA:70,0
DA:71,0
DA:74,0
DA:76,0
DA:78,0
DA:79,0
DA:80,0
DA:81,0
DA:83,0
DA:84,0
DA:85,0
DA:86,0
DA:87,0
DA:90,0
DA:109,0
LF:52
LH:1
end_of_record
SF:lib/pages/recipes/recipes.dart
DA:12,1
DA:14,0
DA:16,0
DA:17,0
DA:18,0
DA:19,0
DA:20,0
DA:21,0
DA:22,0
DA:23,0
DA:26,0
DA:27,0
DA:29,0
DA:30,0
DA:32,0
DA:33,0
DA:34,0
DA:35,0
DA:36,0
DA:37,0
DA:39,0
DA:40,0
DA:42,0
DA:43,0
DA:44,0
DA:45,0
DA:49,0
DA:50,0
DA:51,0
DA:56,0
DA:57,0
DA:58,0
DA:62,0
DA:63,0
DA:66,0
LF:35
LH:1
end_of_record
SF:lib/sheets/add_ingredient_sheet.dart
DA:7,3
DA:11,1
DA:13,3
DA:15,3
DA:17,3
DA:19,3
DA:20,1
DA:21,1
DA:23,1
DA:25,1
DA:26,3
DA:28,1
DA:30,2
DA:33,1
DA:36,2
DA:39,1
DA:41,2
DA:44,1
DA:46,2
DA:49,1
DA:50,2
DA:52,1
DA:53,1
DA:54,1
DA:55,1
DA:56,1
DA:58,3
LF:27
LH:27
end_of_record
SF:lib/sheets/add_instruction_sheet.dart
DA:9,1
DA:15,1
DA:16,1
DA:21,1
DA:23,1
DA:24,2
DA:25,2
DA:27,4
DA:28,3
DA:30,2
DA:33,1
DA:36,4
DA:38,4
DA:41,4
DA:42,1
DA:43,1
DA:44,4
DA:46,1
DA:48,1
DA:49,1
DA:50,1
DA:51,4
DA:52,1
DA:53,1
DA:54,3
DA:56,1
DA:58,2
DA:61,1
DA:65,2
DA:68,1
DA:69,1
DA:72,1
DA:73,2
DA:74,1
DA:75,1
DA:77,1
DA:79,1
DA:81,1
DA:82,1
DA:83,1
DA:84,1
DA:85,0
DA:86,0
DA:88,0
DA:92,0
DA:93,0
DA:94,0
DA:98,2
DA:101,4
DA:107,1
DA:108,1
DA:109,0
DA:110,0
DA:112,3
DA:116,1
DA:119,2
DA:122,1
DA:123,0
DA:124,0
DA:125,0
DA:126,0
DA:127,0
DA:128,0
DA:129,0
DA:131,0
DA:133,0
DA:134,0
DA:135,0
DA:136,0
DA:137,0
DA:139,0
DA:140,0
DA:141,0
DA:145,2
LF:74
LH:50
end_of_record
SF:lib/generated/intl/messages_all.dart
DA:23,3
DA:24,2
DA:25,0
DA:28,1
DA:30,1
DA:31,1
DA:32,0
DA:33,0
DA:40,1
DA:41,1
DA:43,3
DA:44,0
DA:47,0
DA:49,2
DA:50,1
DA:51,3
DA:52,2
DA:53,1
DA:56,1
DA:58,1
DA:64,1
DA:65,1
DA:68,0
DA:71,1
LF:24
LH:18
end_of_record
SF:lib/generated/intl/messages_en.dart
DA:16,3
DA:21,0
DA:24,2
DA:25,1
DA:26,1
DA:27,1
DA:28,1
DA:29,1
DA:30,1
DA:33,1
DA:36,1
DA:37,1
DA:40,1
DA:43,1
DA:44,1
DA:47,1
DA:50,1
DA:53,1
DA:56,1
DA:59,1
DA:60,1
DA:63,1
DA:64,1
DA:65,1
DA:66,1
DA:69,1
DA:72,1
DA:75,1
DA:78,1
DA:81,1
DA:84,1
DA:87,1
DA:88,1
DA:91,1
DA:94,1
DA:95,1
DA:98,1
DA:101,1
DA:104,1
DA:107,1
DA:108,1
DA:109,1
DA:110,1
DA:113,1
DA:116,1
DA:117,1
DA:120,1
DA:121,1
DA:124,1
DA:125,1
DA:128,1
DA:129,1
DA:132,1
DA:133,1
DA:134,1
DA:135,1
DA:136,1
DA:137,1
DA:138,1
DA:139,1
DA:142,1
DA:145,1
DA:148,1
DA:149,1
DA:152,1
DA:155,1
DA:156,1
DA:157,1
DA:158,1
DA:159,1
DA:160,1
DA:161,1
DA:164,1
DA:167,1
DA:170,1
DA:173,1
DA:176,1
DA:177,1
DA:178,1
LF:79
LH:78
end_of_record
SF:lib/generated/intl/messages_it.dart
DA:16,0
DA:21,0
DA:24,0
DA:25,0
DA:28,0
DA:31,0
DA:34,0
DA:35,0
DA:36,0
DA:39,0
DA:42,0
DA:43,0
DA:46,0
DA:49,0
DA:50,0
DA:53,0
DA:56,0
DA:59,0
DA:62,0
DA:65,0
DA:66,0
DA:69,0
DA:72,0
DA:75,0
DA:76,0
DA:79,0
DA:82,0
DA:85,0
DA:88,0
DA:89,0
DA:92,0
DA:95,0
DA:98,0
DA:101,0
DA:104,0
DA:107,0
DA:110,0
DA:113,0
DA:116,0
DA:119,0
DA:120,0
DA:123,0
DA:124,0
DA:127,0
DA:128,0
DA:131,0
DA:132,0
DA:135,0
DA:136,0
DA:139,0
DA:140,0
DA:143,0
DA:144,0
DA:145,0
DA:146,0
DA:147,0
DA:148,0
DA:149,0
DA:150,0
DA:153,0
DA:156,0
DA:159,0
DA:162,0
DA:165,0
DA:168,0
DA:169,0
DA:170,0
DA:171,0
DA:172,0
DA:173,0
DA:174,0
DA:177,0
DA:180,0
DA:183,0
DA:186,0
DA:189,0
DA:192,0
DA:193,0
LF:78
LH:0
end_of_record
